#
# An unexpected error has been detected by Java Runtime Environment:
#
#  EXCEPTION_ACCESS_VIOLATION (0xc0000005) at pc=0x000007ff7fe987a7, pid=4272, tid=4500
#
# Java VM: Java HotSpot(TM) 64-Bit Server VM (1.6.0-b105 mixed mode)
# Problematic frame:
# C  [RPCRT4.dll+0x1687a7]
#
# If you would like to submit a bug report, please visit:
#   http://java.sun.com/webapps/bugreport/crash.jsp
#

---------------  T H R E A D  ---------------

Current thread (0x0000000004041400):  JavaThread "AWT-Windows" daemon [_thread_in_native, id=4500]

siginfo: ExceptionCode=0xc0000005, writing address 0x000007ff571a3da8

Registers:
EAX=0x000007ff7fe9a240, EBX=0x00000000fffffffc, ECX=0x000007ff571a3da8, EDX=0x0000000028bda3f0
ESP=0x0000000011d3eb40, EBP=0x000007ff57374a88, ESI=0x000007ff57374a88, EDI=0x0000000000000070
EIP=0x000007ff7fe987a7, EFLAGS=0x0000000000010246

Top of Stack: (sp=0x0000000011d3eb40)
0x0000000011d3eb40:   0000000000000000 000007ff57374a88
0x0000000011d3eb50:   0000000000000000 0000000000000070
0x0000000011d3eb60:   000007ff57379bc0 00000000011dcfe8
0x0000000011d3eb70:   0000000011d3ee00 0000000011d3edf0
0x0000000011d3eb80:   000007ff571a1cf0 000007ff7fe95c29
0x0000000011d3eb90:   000007ff57374a88 0000000011d3ed68
0x0000000011d3eba0:   000007ff57374a68 0000000011d3ecc8
0x0000000011d3ebb0:   0000000000000000 0000000000000000
0x0000000011d3ebc0:   0000000011d3ed68 0000000000000000
0x0000000011d3ebd0:   0000000011d3ed68 000007ff571a1cf0
0x0000000011d3ebe0:   0000000011d3ecc8 000007ff57177589
0x0000000011d3ebf0:   0000000001160000 000007ff57379b30
0x0000000011d3ec00:   0000000001160000 0000000000000020
0x0000000011d3ec10:   000007ff571a08d8 000007ff57374a68
0x0000000011d3ec20:   0000000011d3ed68 000007ff57177511
0x0000000011d3ec30:   0000000011d3ed78 000007ff57379bc0 

Instructions: (pc=0x000007ff7fe987a7)
0x000007ff7fe98797:   41 b8 0a 00 00 00 48 83 39 00 75 07 48 8b 04 0a
0x000007ff7fe987a7:   48 89 01 48 83 c1 08 49 ff c8 75 ea 4c 8b 0e 48 


Stack: [0x0000000011cc0000,0x0000000011d40000),  sp=0x0000000011d3eb40,  free space=506k
Native frames: (J=compiled Java code, j=interpreted, Vv=VM code, C=native code)
C  [RPCRT4.dll+0x1687a7]

Java frames: (J=compiled Java code, j=interpreted, Vv=VM code)
j  sun.awt.windows.WToolkit.eventLoop()V+0
j  sun.awt.windows.WToolkit.run()V+69
j  java.lang.Thread.run()V+11
v  ~StubRoutines::call_stub

---------------  P R O C E S S  ---------------

Java Threads: ( => current thread )
  0x000000002c242c00 JavaThread "Image Fetcher 0" daemon [_thread_blocked, id=5576]
  0x0000000004042800 JavaThread "Thread-115" [_thread_blocked, id=4620]
  0x00000000111cd000 JavaThread "Thread-107" [_thread_blocked, id=5404]
  0x0000000004043000 JavaThread "Thread-93" [_thread_blocked, id=5064]
  0x000000002c245000 JavaThread "Thread-30" [_thread_blocked, id=6084]
  0x000000002c243400 JavaThread "Active Reference Queue Daemon" daemon [_thread_blocked, id=6036]
  0x000000002c23f400 JavaThread "Timer-10" daemon [_thread_blocked, id=6068]
  0x000000002c240000 JavaThread "Prefs Updater" [_thread_blocked, id=6040]
  0x000000002c241c00 JavaThread "Timer-9" [_thread_blocked, id=4212]
  0x000000002c243800 JavaThread "Timer queue for AWT thread" daemon [_thread_blocked, id=5080]
  0x000000002c241000 JavaThread "Timer-2" daemon [_thread_blocked, id=4860]
  0x0000000004044400 JavaThread "TimerQueue" daemon [_thread_blocked, id=4676]
  0x0000000004043c00 JavaThread "AWT-EventQueue-0" [_thread_blocked, id=1800]
  0x0000000004043400 JavaThread "AWT-Shutdown" [_thread_blocked, id=4652]
  0x0000000004041800 JavaThread "Timer-0" [_thread_blocked, id=4524]
=>0x0000000004041400 JavaThread "AWT-Windows" daemon [_thread_in_native, id=4500]
  0x0000000004040400 JavaThread "Java2D Disposer" daemon [_thread_blocked, id=4472]
  0x000000000403fc00 JavaThread "Low Memory Detector" daemon [_thread_blocked, id=4456]
  0x000000000403f800 JavaThread "CompilerThread1" daemon [_thread_blocked, id=4460]
  0x000000000403f000 JavaThread "CompilerThread0" daemon [_thread_blocked, id=4476]
  0x000000000403e800 JavaThread "Attach Listener" daemon [_thread_blocked, id=4480]
  0x000000000403e000 JavaThread "Finalizer" daemon [_thread_blocked, id=4324]
  0x000000000403d800 JavaThread "Reference Handler" daemon [_thread_blocked, id=4464]
  0x000000000403d400 JavaThread "main" [_thread_in_native, id=4196]

Other Threads:
  0x0000000004061800 VMThread [id=1080]
  0x0000000004061c00 WatcherThread [id=4444]

VM state:not at safepoint (normal execution)

VM Mutex/Monitor currently owned by a thread: None

Heap
 PSYoungGen      total 5120K, used 622K [0x00000000235a0000, 0x0000000023b40000, 0x00000000266a0000)
  eden space 4480K, 12% used [0x00000000235a0000,0x000000002362bbf8,0x0000000023a00000)
  from space 640K, 10% used [0x0000000023aa0000,0x0000000023ab0000,0x0000000023b40000)
  to   space 640K, 0% used [0x0000000023a00000,0x0000000023a00000,0x0000000023aa0000)
 PSOldGen        total 43328K, used 38722K [0x000000001a2a0000, 0x000000001ccf0000, 0x00000000235a0000)
  object space 43328K, 89% used [0x000000001a2a0000,0x000000001c870970,0x000000001ccf0000)
 PSPermGen       total 108224K, used 49800K [0x00000000122a0000, 0x0000000018c50000, 0x000000001a2a0000)
  object space 108224K, 46% used [0x00000000122a0000,0x00000000153421c8,0x0000000018c50000)

Dynamic libraries:
0x0000000140000000 - 0x0000000140138000 	C:\Program Files\MATLAB\R2008a\bin\win64\MATLAB.exe
0x0000000077ec0000 - 0x0000000077ff9000 	C:\WINDOWS\system32\ntdll.dll
0x0000000077d40000 - 0x0000000077eb3000 	C:\WINDOWS\system32\kernel32.dll
0x0000000180000000 - 0x0000000180401000 	C:\Program Files\MATLAB\R2008a\bin\win64\libut.dll
0x000007ff7e470000 - 0x000007ff7e483000 	C:\WINDOWS\system32\imagehlp.dll
0x000007ff7fc00000 - 0x000007ff7fc86000 	C:\WINDOWS\system32\msvcrt.dll
0x000007ff7e380000 - 0x000007ff7e390000 	C:\WINDOWS\system32\PSAPI.DLL
0x0000000001350000 - 0x0000000001378000 	C:\Program Files\MATLAB\R2008a\bin\win64\LIBEXPAT.dll
0x0000000078130000 - 0x00000000781f9000 	C:\WINDOWS\WinSxS\amd64_Microsoft.VC80.CRT_1fc8b3b9a1e18e3b_8.0.50727.762_x-ww_9D1C6CE0\MSVCR80.dll
0x000000004a800000 - 0x000000004a917000 	C:\Program Files\MATLAB\R2008a\bin\win64\icuuc36.dll
0x000007ff7fee0000 - 0x000007ff7ffe5000 	C:\WINDOWS\system32\ADVAPI32.dll
0x000007ff7fd30000 - 0x000007ff7fec9000 	C:\WINDOWS\system32\RPCRT4.dll
0x000007ff7e9c0000 - 0x000007ff7e9e2000 	C:\WINDOWS\system32\Secur32.dll
0x00000000013a0000 - 0x00000000013a3000 	C:\Program Files\MATLAB\R2008a\bin\win64\icudt36.dll
0x000000004ab00000 - 0x000000004ab0f000 	C:\Program Files\MATLAB\R2008a\bin\win64\icuio36.dll
0x00000000013d0000 - 0x00000000014d6000 	C:\Program Files\MATLAB\R2008a\bin\win64\icuin36.dll
0x000000007c420000 - 0x000000007c529000 	C:\WINDOWS\WinSxS\amd64_Microsoft.VC80.CRT_1fc8b3b9a1e18e3b_8.0.50727.762_x-ww_9D1C6CE0\MSVCP80.dll
0x0000000077c20000 - 0x0000000077d2c000 	C:\WINDOWS\system32\USER32.dll
0x000007ff7fc90000 - 0x000007ff7fd2c000 	C:\WINDOWS\system32\GDI32.dll
0x00000000014f0000 - 0x0000000001664000 	C:\Program Files\MATLAB\R2008a\bin\win64\libmwservices.dll
0x0000000001680000 - 0x00000000016f0000 	C:\Program Files\MATLAB\R2008a\bin\win64\libmx.dll
0x0000000001700000 - 0x0000000001717000 	C:\Program Files\MATLAB\R2008a\bin\win64\zlib1.dll
0x0000000001720000 - 0x00000000017c8000 	C:\Program Files\MATLAB\R2008a\bin\win64\libmwmathutil.dll
0x00000000017e0000 - 0x0000000001835000 	C:\Program Files\MATLAB\R2008a\bin\win64\mpath.dll
0x0000000001850000 - 0x0000000001871000 	C:\Program Files\MATLAB\R2008a\bin\win64\mlutil.dll
0x000007ff76200000 - 0x000007ff762ef000 	C:\WINDOWS\WinSxS\amd64_Microsoft.Windows.Common-Controls_6595b64144ccf1df_5.82.3790.3959_x-ww_AB06DEB0\COMCTL32.dll
0x000007ff7d540000 - 0x000007ff7d5b7000 	C:\WINDOWS\system32\comdlg32.dll
0x000007ff7ef60000 - 0x000007ff7effb000 	C:\WINDOWS\system32\SHLWAPI.dll
0x000007ff7f190000 - 0x000007ff7fb9b000 	C:\WINDOWS\system32\SHELL32.dll
0x000007ff77370000 - 0x000007ff77408000 	C:\WINDOWS\system32\NETAPI32.dll
0x000007ff77310000 - 0x000007ff77340000 	C:\WINDOWS\system32\WS2_32.dll
0x000007ff77140000 - 0x000007ff7714c000 	C:\WINDOWS\system32\WS2HELP.dll
0x0000000001890000 - 0x00000000018e5000 	C:\Program Files\MATLAB\R2008a\bin\win64\mcr.dll
0x0000000001900000 - 0x0000000001925000 	C:\Program Files\MATLAB\R2008a\bin\win64\iqm.dll
0x0000000001940000 - 0x0000000001961000 	C:\Program Files\MATLAB\R2008a\bin\win64\bridge.dll
0x0000000001980000 - 0x0000000001991000 	C:\Program Files\MATLAB\R2008a\bin\win64\libmex.dll
0x00000000019b0000 - 0x0000000001a3c000 	C:\Program Files\MATLAB\R2008a\bin\win64\m_dispatcher.dll
0x0000000001a50000 - 0x0000000001a75000 	C:\Program Files\MATLAB\R2008a\bin\win64\datasvcs.dll
0x0000000012000000 - 0x0000000012295000 	C:\Program Files\MATLAB\R2008a\bin\win64\xerces-c_2_7.dll
0x0000000001aa0000 - 0x0000000002331000 	C:\Program Files\MATLAB\R2008a\bin\win64\m_interpreter.dll
0x0000000002350000 - 0x0000000002381000 	C:\Program Files\MATLAB\R2008a\bin\win64\libmat.dll
0x00000000023a0000 - 0x00000000024a5000 	C:\Program Files\MATLAB\R2008a\bin\win64\libhdf5.dll
0x00000000024b0000 - 0x000000000251f000 	C:\Program Files\MATLAB\R2008a\bin\win64\profiler.dll
0x0000000002530000 - 0x000000000253a000 	C:\Program Files\MATLAB\R2008a\bin\win64\libmwmathrng.dll
0x0000000002550000 - 0x000000000256a000 	C:\Program Files\MATLAB\R2008a\bin\win64\m_pcodeio.dll
0x0000000002580000 - 0x00000000025ca000 	C:\Program Files\MATLAB\R2008a\bin\win64\m_ir.dll
0x00000000025e0000 - 0x0000000002b9b000 	C:\Program Files\MATLAB\R2008a\bin\win64\m_parser.dll
0x0000000002bb0000 - 0x0000000002bc2000 	C:\Program Files\MATLAB\R2008a\bin\win64\ir_xfmr.dll
0x0000000002be0000 - 0x0000000002dfb000 	C:\Program Files\MATLAB\R2008a\bin\win64\mcos.dll
0x0000000002e10000 - 0x0000000002e1c000 	C:\Program Files\MATLAB\R2008a\bin\win64\mtok.dll
0x0000000002e30000 - 0x0000000002e50000 	C:\Program Files\MATLAB\R2008a\bin\win64\m_pcodegen.dll
0x000007ff724e0000 - 0x000007ff7261e000 	C:\WINDOWS\system32\dbghelp.dll
0x000007ff7fbf0000 - 0x000007ff7fbfb000 	C:\WINDOWS\system32\VERSION.dll
0x0000000002e60000 - 0x0000000002e70000 	C:\Program Files\MATLAB\R2008a\bin\win64\boost_thread-vc80-mt-1_34_1.dll
0x0000000002e80000 - 0x0000000002f40000 	C:\Program Files\MATLAB\R2008a\bin\win64\udd.dll
0x0000000002f50000 - 0x0000000003092000 	C:\Program Files\MATLAB\R2008a\bin\win64\libmwgui.dll
0x00000000030b0000 - 0x00000000032ea000 	C:\Program Files\MATLAB\R2008a\bin\win64\hg.dll
0x0000000003300000 - 0x0000000003356000 	C:\Program Files\MATLAB\R2008a\bin\win64\jmi.dll
0x0000000003370000 - 0x00000000033ae000 	C:\Program Files\MATLAB\R2008a\bin\win64\libmwhardcopy.dll
0x00000000033c0000 - 0x000000000341c000 	C:\Program Files\MATLAB\R2008a\bin\win64\libuij.dll
0x0000000003430000 - 0x00000000036bc000 	C:\Program Files\MATLAB\R2008a\bin\win64\numerics.dll
0x00000000036d0000 - 0x00000000036dc000 	C:\Program Files\MATLAB\R2008a\bin\win64\libmwblas.dll
0x00000000036f0000 - 0x00000000036ff000 	C:\Program Files\MATLAB\R2008a\bin\win64\libmwbinder.dll
0x0000000003710000 - 0x0000000003734000 	C:\Program Files\MATLAB\R2008a\bin\win64\libmwlapack.dll
0x0000000003750000 - 0x000000000375b000 	C:\Program Files\MATLAB\R2008a\bin\win64\libmwfftw.dll
0x0000000003770000 - 0x00000000037a5000 	C:\Program Files\MATLAB\R2008a\bin\win64\libmwrookfastbp.dll
0x00000000037c0000 - 0x00000000037ee000 	C:\Program Files\MATLAB\R2008a\bin\win64\libmwma57.dll
0x0000000010000000 - 0x00000000100d3000 	C:\Program Files\MATLAB\R2008a\bin\win64\libifcoremd.dll
0x0000000003800000 - 0x0000000003a1d000 	C:\Program Files\MATLAB\R2008a\bin\win64\libmmd.dll
0x0000000003a20000 - 0x0000000003a29000 	C:\Program Files\MATLAB\R2008a\bin\win64\libmwcsparse.dll
0x0000000003a40000 - 0x0000000003b0a000 	C:\Program Files\MATLAB\R2008a\bin\win64\libmwumfpack.dll
0x0000000003b20000 - 0x0000000003b2d000 	C:\Program Files\MATLAB\R2008a\bin\win64\libmwamd.dll
0x0000000003b40000 - 0x0000000003bd2000 	C:\Program Files\MATLAB\R2008a\bin\win64\libmwcholmod.dll
0x0000000003bf0000 - 0x0000000003bfc000 	C:\Program Files\MATLAB\R2008a\bin\win64\libmwcolamd.dll
0x0000000003c10000 - 0x0000000003cc9000 	C:\Program Files\MATLAB\R2008a\bin\win64\uiw.dll
0x0000000003ce0000 - 0x0000000003cea000 	C:\Program Files\MATLAB\R2008a\bin\win64\uinone.dll
0x0000000003d00000 - 0x0000000003e9b000 	C:\WINDOWS\WinSxS\amd64_Microsoft.VC80.MFC_1fc8b3b9a1e18e3b_8.0.50727.762_x-ww_6E02DFE5\MFC80.DLL
0x000007ff78f10000 - 0x000007ff78f51000 	C:\WINDOWS\system32\WINSPOOL.DRV
0x000007ff57140000 - 0x000007ff573c5000 	C:\WINDOWS\system32\ole32.dll
0x000007ff7ebc0000 - 0x000007ff7ecd6000 	C:\WINDOWS\system32\OLEAUT32.dll
0x0000000003ea0000 - 0x0000000003f30000 	C:\Program Files\MATLAB\R2008a\bin\win64\udd_mi.dll
0x0000000003f40000 - 0x0000000003f58000 	C:\Program Files\MATLAB\R2008a\bin\win64\mwoles05.DLL
0x0000000003f70000 - 0x0000000003fd9000 	C:\Program Files\MATLAB\R2008a\bin\win64\comcli.dll
0x000000007c630000 - 0x000000007c64f000 	C:\WINDOWS\WinSxS\amd64_Microsoft.VC80.ATL_1fc8b3b9a1e18e3b_8.0.50727.762_x-ww_FDBC5A54\ATL80.DLL
0x0000000003ff0000 - 0x0000000003ffe000 	C:\Program Files\MATLAB\R2008a\bin\win64\mlautoregister.dll
0x000007ff7d500000 - 0x000007ff7d539000 	C:\WINDOWS\system32\IMM32.DLL
0x000007ff7f000000 - 0x000007ff7f187000 	C:\WINDOWS\WinSxS\amd64_Microsoft.Windows.Common-Controls_6595b64144ccf1df_6.0.3790.3959_x-ww_0A7B2435\comctl32.dll
0x0000000007160000 - 0x0000000007b2e000 	C:\Program Files\MATLAB\R2008a\bin\win64\mkl.dll
0x00000000069f0000 - 0x0000000006a3b000 	C:\Program Files\MATLAB\R2008a\bin\win64\libguide40.dll
0x0000000006b60000 - 0x0000000006b68000 	C:\Program Files\MATLAB\R2008a\bin\win64\mklcompat.dll
0x0000000006b80000 - 0x0000000007127000 	C:\Program Files\MATLAB\R2008a\bin\win64\mllapack.dll
0x0000000007b30000 - 0x0000000007c24000 	C:\Program Files\MATLAB\R2008a\bin\win64\libfftw3i.dll
0x0000000007c30000 - 0x0000000007d1e000 	C:\Program Files\MATLAB\R2008a\bin\win64\libfftw3f.dll
0x000000005d360000 - 0x000000005d36d000 	C:\WINDOWS\WinSxS\amd64_Microsoft.VC80.MFCLOC_1fc8b3b9a1e18e3b_8.0.50727.762_x-ww_C351F8E3\MFC80ENU.DLL
0x000007ff77230000 - 0x000007ff772af000 	C:\WINDOWS\system32\uxtheme.dll
0x00000000095d0000 - 0x000000000970d000 	C:\WINDOWS\system32\nview64.dll
0x000007ff7e240000 - 0x000007ff7e290000 	C:\WINDOWS\system32\WINMM.dll
0x000007ff7e4c0000 - 0x000007ff7e4fc000 	C:\WINDOWS\system32\NTMARTA.DLL
0x000007ff7e950000 - 0x000007ff7e9b6000 	C:\WINDOWS\system32\WLDAP32.dll
0x000007ff77150000 - 0x000007ff77166000 	C:\WINDOWS\system32\SAMLIB.dll
0x000007ff7a410000 - 0x000007ff7a4af000 	C:\WINDOWS\system32\MSCTF.dll
0x000007ff7ce50000 - 0x000007ff7ce91000 	C:\WINDOWS\system32\apphelp.dll
0x000007ff58af0000 - 0x000007ff58b4c000 	C:\WINDOWS\system32\msctfime.ime
0x000007ff57040000 - 0x000007ff57071000 	C:\WINDOWS\system32\iphlpapi.dll
0x000007ff799e0000 - 0x000007ff799e4000 	C:\WINDOWS\system32\icmp.Dll
0x000000000c870000 - 0x000000000cdc1000 	C:\Program Files\MATLAB\R2008a\sys\java\jre\win64\jre1.6.0\bin\server\jvm.dll
0x000000000cdf0000 - 0x000000000cdfa000 	C:\Program Files\MATLAB\R2008a\sys\java\jre\win64\jre1.6.0\bin\hpi.dll
0x000000000ce10000 - 0x000000000ce1e000 	C:\Program Files\MATLAB\R2008a\sys\java\jre\win64\jre1.6.0\bin\verify.dll
0x000000000ce20000 - 0x000000000ce47000 	C:\Program Files\MATLAB\R2008a\sys\java\jre\win64\jre1.6.0\bin\java.dll
0x000000000ce50000 - 0x000000000ce62000 	C:\Program Files\MATLAB\R2008a\sys\java\jre\win64\jre1.6.0\bin\zip.dll
0x0000000011970000 - 0x0000000011bc0000 	C:\Program Files\MATLAB\R2008a\sys\java\jre\win64\jre1.6.0\bin\awt.dll
0x000000000ffe0000 - 0x000000000fff6000 	C:\Program Files\MATLAB\R2008a\bin\win64\nativejava.dll
0x0000000011d50000 - 0x0000000011d66000 	C:\Program Files\MATLAB\R2008a\bin\win64\nativejmi.dll
0x0000000011c40000 - 0x0000000011c47000 	C:\Program Files\MATLAB\R2008a\bin\win64\nativeservices.dll
0x0000000011e20000 - 0x0000000011e89000 	C:\Program Files\MATLAB\R2008a\sys\java\jre\win64\jre1.6.0\bin\fontmanager.dll
0x0000000011c60000 - 0x0000000011c77000 	C:\Program Files\MATLAB\R2008a\sys\java\jre\win64\jre1.6.0\bin\net.dll
0x0000000011c80000 - 0x0000000011c8b000 	C:\Program Files\MATLAB\R2008a\sys\java\jre\win64\jre1.6.0\bin\nio.dll
0x000000002c130000 - 0x000000002c137000 	C:\Program Files\MATLAB\R2008a\bin\win64\nativelmgr.dll
0x000000002e250000 - 0x000000002e37a000 	C:\Program Files\MATLAB\R2008a\bin\win64\instutil.dll
0x000007ff771b0000 - 0x000007ff7722d000 	C:\WINDOWS\System32\mswsock.dll
0x000007ff7e8f0000 - 0x000007ff7e93e000 	C:\WINDOWS\system32\DNSAPI.dll
0x000007ff7e9f0000 - 0x000007ff7e9fb000 	C:\WINDOWS\System32\winrnr.dll
0x000007ff7ea00000 - 0x000007ff7ea07000 	C:\WINDOWS\system32\rasadhlp.dll
0x000000002e520000 - 0x000000002e527000 	C:\Program Files\MATLAB\R2008a\bin\win64\nativelex.dll
0x000000002e540000 - 0x000000002e54d000 	C:\Program Files\MATLAB\R2008a\bin\win64\nativecmdwin.dll
0x000000002e560000 - 0x000000002e579000 	C:\WINDOWS\system32\nvwddi64.dll
0x000000000b870000 - 0x000000000b898000 	C:\Program Files\MATLAB\R2008a\sys\java\jre\win64\jre1.6.0\bin\dcpr.dll
0x000007ff7dac0000 - 0x000007ff7dc38000 	C:\WINDOWS\system32\SETUPAPI.dll

VM Arguments:
jvm_args: -Xss512k -XX:PermSize=32M -Xms64m -XX:NewRatio=3 -XX:MaxPermSize=128M -Xmx196m -XX:MaxDirectMemorySize=2147400000 -Dsun.java2d.noddraw=true -Dsun.awt.nopixfmt=true -Xshare:off -Xrs -Djava.library.path=C:\Program Files\MATLAB\R2008a\bin\win64 vfprintf abort
java_command: <unknown>
Launcher Type: generic

Environment Variables:
CLASSPATH=.;C:\Program Files (x86)\Java\jre1.6.0_05\lib\ext\QTJava.zip
PATH=C:\Tcl\bin;C:\WINDOWS\system32;C:\WINDOWS;C:\WINDOWS\system32\wbem;c:\program files (x86)\microsoft sql server\80\tools\binn\;C:\Program Files\MATLAB\R2008a\bin;C:\Program Files\MATLAB\R2008a\bin\win64;C:\Program Files\MATLAB\R2007b\bin;C:\Program Files\MATLAB\R2007b\bin\win64;C:\Program Files\MATLAB\R2007a\bin;C:\Program Files\MATLAB\R2007a\bin\win64;C:\Program Files (x86)\ESTsoft\ALZip\;C:\Program Files (x86)\IVI\bin;C:\Program Files (x86)\VISA\winnt\bin;C:\Program Files (x86)\QuickTime\QTSystem\;C:\Program Files (x86)\ESTsoft\ALZip\;C:\Program Files (x86)\S4F\
USERNAME=bwaddoups
OS=Windows_NT
PROCESSOR_IDENTIFIER=EM64T Family 6 Model 15 Stepping 6, GenuineIntel



---------------  S Y S T E M  ---------------

OS: Windows Server 2003 family Build 3790 Service Pack 2

CPU:total 2 em64t ht

Memory: 4k page, physical 2095052k(830216k free), swap 4037480k(2973552k free)

vm_info: Java HotSpot(TM) 64-Bit Server VM (1.6.0-b105) for windows-amd64, built on Nov 29 2006 00:38:01 by "java_re" with unknown MS VC++:1400

